<?xml version="1.0" encoding="UTF-8"?>
<!-- Generated by org.testng.reporters.JUnitXMLReporter -->
<testsuite hostname="DESKTOP-8E6BMJO" ignored="0" name="Default test" tests="57" failures="5" timestamp="06 фев 2019 15:30:42 GMT" time="0.414" errors="0">
  <testcase name="checkInterface" time="0.007" classname="MusicLandscape.tests.ShortTrackFormatterTest"/>
  <testcase name="formatLongTrack" time="0.004" classname="MusicLandscape.tests.ShortTrackFormatterTest">
    <failure type="java.lang.AssertionError" message="Strings should be equal expected [Ain&amp;apos;t No S (06:00)] but found [unknown(6:0)]">
      <![CDATA[java.lang.AssertionError: Strings should be equal expected [Ain't No S (06:00)] but found [unknown(6:0)]
at org.testng.Assert.fail(Assert.java:96)
at org.testng.Assert.failNotEquals(Assert.java:776)
at org.testng.Assert.assertEqualsImpl(Assert.java:137)
at org.testng.Assert.assertEquals(Assert.java:118)
at org.testng.Assert.assertEquals(Assert.java:453)
at MusicLandscape.tests.ShortTrackFormatterTest.formatLongTrack(ShortTrackFormatterTest.java:42)
at sun.reflect.NativeMethodAccessorImpl.invoke0(Native Method)
at sun.reflect.NativeMethodAccessorImpl.invoke(Unknown Source)
at sun.reflect.DelegatingMethodAccessorImpl.invoke(Unknown Source)
at java.lang.reflect.Method.invoke(Unknown Source)
at org.testng.internal.MethodInvocationHelper.invokeMethod(MethodInvocationHelper.java:124)
at org.testng.internal.Invoker.invokeMethod(Invoker.java:580)
at org.testng.internal.Invoker.invokeTestMethod(Invoker.java:716)
at org.testng.internal.Invoker.invokeTestMethods(Invoker.java:988)
at org.testng.internal.TestMethodWorker.invokeTestMethods(TestMethodWorker.java:125)
at org.testng.internal.TestMethodWorker.run(TestMethodWorker.java:109)
at org.testng.TestRunner.privateRun(TestRunner.java:648)
at org.testng.TestRunner.run(TestRunner.java:505)
at org.testng.SuiteRunner.runTest(SuiteRunner.java:455)
at org.testng.SuiteRunner.runSequentially(SuiteRunner.java:450)
at org.testng.SuiteRunner.privateRun(SuiteRunner.java:415)
at org.testng.SuiteRunner.run(SuiteRunner.java:364)
at org.testng.SuiteRunnerWorker.runSuite(SuiteRunnerWorker.java:52)
at org.testng.SuiteRunnerWorker.run(SuiteRunnerWorker.java:84)
at org.testng.TestNG.runSuitesSequentially(TestNG.java:1208)
at org.testng.TestNG.runSuitesLocally(TestNG.java:1137)
at org.testng.TestNG.runSuites(TestNG.java:1049)
at org.testng.TestNG.run(TestNG.java:1017)
at org.testng.remote.AbstractRemoteTestNG.run(AbstractRemoteTestNG.java:114)
at org.testng.remote.RemoteTestNG.initAndRun(RemoteTestNG.java:251)
at org.testng.remote.RemoteTestNG.main(RemoteTestNG.java:77)
]]>
    </failure>
  </testcase> <!-- formatLongTrack -->
  <testcase name="formatShortTrack" time="0.002" classname="MusicLandscape.tests.ShortTrackFormatterTest">
    <failure type="java.lang.AssertionError" message="Strings should be equal expected [Daylight   (02:03)] but found [unknown(2:3)]">
      <![CDATA[java.lang.AssertionError: Strings should be equal expected [Daylight   (02:03)] but found [unknown(2:3)]
at org.testng.Assert.fail(Assert.java:96)
at org.testng.Assert.failNotEquals(Assert.java:776)
at org.testng.Assert.assertEqualsImpl(Assert.java:137)
at org.testng.Assert.assertEquals(Assert.java:118)
at org.testng.Assert.assertEquals(Assert.java:453)
at MusicLandscape.tests.ShortTrackFormatterTest.formatShortTrack(ShortTrackFormatterTest.java:57)
at sun.reflect.NativeMethodAccessorImpl.invoke0(Native Method)
at sun.reflect.NativeMethodAccessorImpl.invoke(Unknown Source)
at sun.reflect.DelegatingMethodAccessorImpl.invoke(Unknown Source)
at java.lang.reflect.Method.invoke(Unknown Source)
at org.testng.internal.MethodInvocationHelper.invokeMethod(MethodInvocationHelper.java:124)
at org.testng.internal.Invoker.invokeMethod(Invoker.java:580)
at org.testng.internal.Invoker.invokeTestMethod(Invoker.java:716)
at org.testng.internal.Invoker.invokeTestMethods(Invoker.java:988)
at org.testng.internal.TestMethodWorker.invokeTestMethods(TestMethodWorker.java:125)
at org.testng.internal.TestMethodWorker.run(TestMethodWorker.java:109)
at org.testng.TestRunner.privateRun(TestRunner.java:648)
at org.testng.TestRunner.run(TestRunner.java:505)
at org.testng.SuiteRunner.runTest(SuiteRunner.java:455)
at org.testng.SuiteRunner.runSequentially(SuiteRunner.java:450)
at org.testng.SuiteRunner.privateRun(SuiteRunner.java:415)
at org.testng.SuiteRunner.run(SuiteRunner.java:364)
at org.testng.SuiteRunnerWorker.runSuite(SuiteRunnerWorker.java:52)
at org.testng.SuiteRunnerWorker.run(SuiteRunnerWorker.java:84)
at org.testng.TestNG.runSuitesSequentially(TestNG.java:1208)
at org.testng.TestNG.runSuitesLocally(TestNG.java:1137)
at org.testng.TestNG.runSuites(TestNG.java:1049)
at org.testng.TestNG.run(TestNG.java:1017)
at org.testng.remote.AbstractRemoteTestNG.run(AbstractRemoteTestNG.java:114)
at org.testng.remote.RemoteTestNG.initAndRun(RemoteTestNG.java:251)
at org.testng.remote.RemoteTestNG.main(RemoteTestNG.java:77)
]]>
    </failure>
  </testcase> <!-- formatShortTrack -->
  <testcase name="header" time="0.001" classname="MusicLandscape.tests.ShortTrackFormatterTest">
    <failure type="java.lang.AssertionError" message="header() should return another value expected [Title      (min:sec)] but found [Title    (min:sec)]">
      <![CDATA[java.lang.AssertionError: header() should return another value expected [Title      (min:sec)] but found [Title    (min:sec)]
at org.testng.Assert.fail(Assert.java:96)
at org.testng.Assert.failNotEquals(Assert.java:776)
at org.testng.Assert.assertEqualsImpl(Assert.java:137)
at org.testng.Assert.assertEquals(Assert.java:118)
at org.testng.Assert.assertEquals(Assert.java:453)
at MusicLandscape.tests.ShortTrackFormatterTest.header(ShortTrackFormatterTest.java:63)
at sun.reflect.NativeMethodAccessorImpl.invoke0(Native Method)
at sun.reflect.NativeMethodAccessorImpl.invoke(Unknown Source)
at sun.reflect.DelegatingMethodAccessorImpl.invoke(Unknown Source)
at java.lang.reflect.Method.invoke(Unknown Source)
at org.testng.internal.MethodInvocationHelper.invokeMethod(MethodInvocationHelper.java:124)
at org.testng.internal.Invoker.invokeMethod(Invoker.java:580)
at org.testng.internal.Invoker.invokeTestMethod(Invoker.java:716)
at org.testng.internal.Invoker.invokeTestMethods(Invoker.java:988)
at org.testng.internal.TestMethodWorker.invokeTestMethods(TestMethodWorker.java:125)
at org.testng.internal.TestMethodWorker.run(TestMethodWorker.java:109)
at org.testng.TestRunner.privateRun(TestRunner.java:648)
at org.testng.TestRunner.run(TestRunner.java:505)
at org.testng.SuiteRunner.runTest(SuiteRunner.java:455)
at org.testng.SuiteRunner.runSequentially(SuiteRunner.java:450)
at org.testng.SuiteRunner.privateRun(SuiteRunner.java:415)
at org.testng.SuiteRunner.run(SuiteRunner.java:364)
at org.testng.SuiteRunnerWorker.runSuite(SuiteRunnerWorker.java:52)
at org.testng.SuiteRunnerWorker.run(SuiteRunnerWorker.java:84)
at org.testng.TestNG.runSuitesSequentially(TestNG.java:1208)
at org.testng.TestNG.runSuitesLocally(TestNG.java:1137)
at org.testng.TestNG.runSuites(TestNG.java:1049)
at org.testng.TestNG.run(TestNG.java:1017)
at org.testng.remote.AbstractRemoteTestNG.run(AbstractRemoteTestNG.java:114)
at org.testng.remote.RemoteTestNG.initAndRun(RemoteTestNG.java:251)
at org.testng.remote.RemoteTestNG.main(RemoteTestNG.java:77)
]]>
    </failure>
  </testcase> <!-- header -->
  <testcase name="testtoString" time="0.001" classname="MusicLandscape.tests.ShortTrackFormatterTest"/>
  <testcase name="topSeparator" time="0.006" classname="MusicLandscape.tests.ShortTrackFormatterTest">
    <failure type="java.lang.AssertionError" message="topSeparator() should return another value expected [--------------------] but found [----------------------]">
      <![CDATA[java.lang.AssertionError: topSeparator() should return another value expected [--------------------] but found [----------------------]
at org.testng.Assert.fail(Assert.java:96)
at org.testng.Assert.failNotEquals(Assert.java:776)
at org.testng.Assert.assertEqualsImpl(Assert.java:137)
at org.testng.Assert.assertEquals(Assert.java:118)
at org.testng.Assert.assertEquals(Assert.java:453)
at MusicLandscape.tests.ShortTrackFormatterTest.topSeparator(ShortTrackFormatterTest.java:73)
at sun.reflect.NativeMethodAccessorImpl.invoke0(Native Method)
at sun.reflect.NativeMethodAccessorImpl.invoke(Unknown Source)
at sun.reflect.DelegatingMethodAccessorImpl.invoke(Unknown Source)
at java.lang.reflect.Method.invoke(Unknown Source)
at org.testng.internal.MethodInvocationHelper.invokeMethod(MethodInvocationHelper.java:124)
at org.testng.internal.Invoker.invokeMethod(Invoker.java:580)
at org.testng.internal.Invoker.invokeTestMethod(Invoker.java:716)
at org.testng.internal.Invoker.invokeTestMethods(Invoker.java:988)
at org.testng.internal.TestMethodWorker.invokeTestMethods(TestMethodWorker.java:125)
at org.testng.internal.TestMethodWorker.run(TestMethodWorker.java:109)
at org.testng.TestRunner.privateRun(TestRunner.java:648)
at org.testng.TestRunner.run(TestRunner.java:505)
at org.testng.SuiteRunner.runTest(SuiteRunner.java:455)
at org.testng.SuiteRunner.runSequentially(SuiteRunner.java:450)
at org.testng.SuiteRunner.privateRun(SuiteRunner.java:415)
at org.testng.SuiteRunner.run(SuiteRunner.java:364)
at org.testng.SuiteRunnerWorker.runSuite(SuiteRunnerWorker.java:52)
at org.testng.SuiteRunnerWorker.run(SuiteRunnerWorker.java:84)
at org.testng.TestNG.runSuitesSequentially(TestNG.java:1208)
at org.testng.TestNG.runSuitesLocally(TestNG.java:1137)
at org.testng.TestNG.runSuites(TestNG.java:1049)
at org.testng.TestNG.run(TestNG.java:1017)
at org.testng.remote.AbstractRemoteTestNG.run(AbstractRemoteTestNG.java:114)
at org.testng.remote.RemoteTestNG.initAndRun(RemoteTestNG.java:251)
at org.testng.remote.RemoteTestNG.main(RemoteTestNG.java:77)
]]>
    </failure>
  </testcase> <!-- topSeparator -->
  <testcase name="checkType" time="0.001" classname="MusicLandscape.tests.DurationComparatorTest"/>
  <testcase name="compare" time="0.002" classname="MusicLandscape.tests.DurationComparatorTest"/>
  <testcase name="compare" time="0.002" classname="MusicLandscape.tests.DurationComparatorTest"/>
  <testcase name="compare" time="0.002" classname="MusicLandscape.tests.DurationComparatorTest"/>
  <testcase name="testtoString" time="0.002" classname="MusicLandscape.tests.DurationComparatorTest"/>
  <testcase name="MyTrackContainer" time="0.001" classname="MusicLandscape.tests.MyTrackContainerTest"/>
  <testcase name="MyTrackContainerIterableTrack" time="0.002" classname="MusicLandscape.tests.MyTrackContainerTest"/>
  <testcase name="add" time="0.003" classname="MusicLandscape.tests.MyTrackContainerTest"/>
  <testcase name="addAll" time="0.003" classname="MusicLandscape.tests.MyTrackContainerTest"/>
  <testcase name="filter" time="0.002" classname="MusicLandscape.tests.MyTrackContainerTest"/>
  <testcase name="removeAll" time="0.002" classname="MusicLandscape.tests.MyTrackContainerTest"/>
  <testcase name="selection" time="0.001" classname="MusicLandscape.tests.MyTrackContainerTest"/>
  <testcase name="selectionInit" time="0.001" classname="MusicLandscape.tests.MyTrackContainerTest"/>
  <testcase name="MyTrackContainerTrack" time="0.004" classname="MusicLandscape.tests.MyTrackContainerTest"/>
  <testcase name="sort" time="0.007" classname="MusicLandscape.tests.MyTrackContainerTest"/>
  <testcase name="checkInterface" time="0.001" classname="MusicLandscape.tests.ArtistTest">
    <failure type="java.lang.AssertionError" message="the class should implement the interface  expected [true] but found [false]">
      <![CDATA[java.lang.AssertionError: the class should implement the interface  expected [true] but found [false]
at org.testng.Assert.fail(Assert.java:96)
at org.testng.Assert.failNotEquals(Assert.java:776)
at org.testng.Assert.assertTrue(Assert.java:44)
at MusicLandscape.tests.ArtistTest.checkInterface(ArtistTest.java:43)
at sun.reflect.NativeMethodAccessorImpl.invoke0(Native Method)
at sun.reflect.NativeMethodAccessorImpl.invoke(Unknown Source)
at sun.reflect.DelegatingMethodAccessorImpl.invoke(Unknown Source)
at java.lang.reflect.Method.invoke(Unknown Source)
at org.testng.internal.MethodInvocationHelper.invokeMethod(MethodInvocationHelper.java:124)
at org.testng.internal.Invoker.invokeMethod(Invoker.java:580)
at org.testng.internal.Invoker.invokeTestMethod(Invoker.java:716)
at org.testng.internal.Invoker.invokeTestMethods(Invoker.java:988)
at org.testng.internal.TestMethodWorker.invokeTestMethods(TestMethodWorker.java:125)
at org.testng.internal.TestMethodWorker.run(TestMethodWorker.java:109)
at org.testng.TestRunner.privateRun(TestRunner.java:648)
at org.testng.TestRunner.run(TestRunner.java:505)
at org.testng.SuiteRunner.runTest(SuiteRunner.java:455)
at org.testng.SuiteRunner.runSequentially(SuiteRunner.java:450)
at org.testng.SuiteRunner.privateRun(SuiteRunner.java:415)
at org.testng.SuiteRunner.run(SuiteRunner.java:364)
at org.testng.SuiteRunnerWorker.runSuite(SuiteRunnerWorker.java:52)
at org.testng.SuiteRunnerWorker.run(SuiteRunnerWorker.java:84)
at org.testng.TestNG.runSuitesSequentially(TestNG.java:1208)
at org.testng.TestNG.runSuitesLocally(TestNG.java:1137)
at org.testng.TestNG.runSuites(TestNG.java:1049)
at org.testng.TestNG.run(TestNG.java:1017)
at org.testng.remote.AbstractRemoteTestNG.run(AbstractRemoteTestNG.java:114)
at org.testng.remote.RemoteTestNG.initAndRun(RemoteTestNG.java:251)
at org.testng.remote.RemoteTestNG.main(RemoteTestNG.java:77)
]]>
    </failure>
  </testcase> <!-- checkInterface -->
  <testcase name="compareTo" time="0.001" classname="MusicLandscape.tests.ArtistTest"/>
  <testcase name="compareTo" time="0.004" classname="MusicLandscape.tests.ArtistTest"/>
  <testcase name="compareTo" time="0.001" classname="MusicLandscape.tests.ArtistTest"/>
  <testcase name="DurationMatcher" time="0.001" classname="MusicLandscape.tests.DurationMatcherTest"/>
  <testcase name="DurationMatcherString" time="0.007" classname="MusicLandscape.tests.DurationMatcherTest"/>
  <testcase name="getPattern" time="0.003" classname="MusicLandscape.tests.DurationMatcherTest"/>
  <testcase name="matches" time="0.001" classname="MusicLandscape.tests.DurationMatcherTest"/>
  <testcase name="matches" time="0.002" classname="MusicLandscape.tests.DurationMatcherTest"/>
  <testcase name="matches" time="0.001" classname="MusicLandscape.tests.DurationMatcherTest"/>
  <testcase name="setPattern" time="0.003" classname="MusicLandscape.tests.DurationMatcherTest"/>
  <testcase name="setPattern" time="0.003" classname="MusicLandscape.tests.DurationMatcherTest"/>
  <testcase name="setPattern" time="0.002" classname="MusicLandscape.tests.DurationMatcherTest"/>
  <testcase name="setPattern" time="0.002" classname="MusicLandscape.tests.DurationMatcherTest"/>
  <testcase name="testtoString" time="0.002" classname="MusicLandscape.tests.DurationMatcherTest"/>
  <testcase name="checkType" time="0.003" classname="MusicLandscape.tests.TitleComparatorTest"/>
  <testcase name="compare" time="0.001" classname="MusicLandscape.tests.TitleComparatorTest"/>
  <testcase name="compare" time="0.001" classname="MusicLandscape.tests.TitleComparatorTest"/>
  <testcase name="compare" time="0.001" classname="MusicLandscape.tests.TitleComparatorTest"/>
  <testcase name="testtoString" time="0.001" classname="MusicLandscape.tests.TitleComparatorTest"/>
  <testcase name="TitleMatcher" time="0.002" classname="MusicLandscape.tests.TitleMatcherTest"/>
  <testcase name="getPattern" time="0.0" classname="MusicLandscape.tests.TitleMatcherTest"/>
  <testcase name="matches" time="0.001" classname="MusicLandscape.tests.TitleMatcherTest"/>
  <testcase name="matches" time="0.002" classname="MusicLandscape.tests.TitleMatcherTest"/>
  <testcase name="matches" time="0.012" classname="MusicLandscape.tests.TitleMatcherTest"/>
  <testcase name="setPatternAny" time="0.001" classname="MusicLandscape.tests.TitleMatcherTest"/>
  <testcase name="setPatternNull" time="0.001" classname="MusicLandscape.tests.TitleMatcherTest"/>
  <testcase name="testtoString" time="0.001" classname="MusicLandscape.tests.TitleMatcherTest"/>
  <testcase name="remove" time="0.001" classname="MusicLandscape.tests.MyTrackContainerTest"/>
  <testcase name="reset" time="0.001" classname="MusicLandscape.tests.MyTrackContainerTest"/>
  <testcase name="checkType" time="0.002" classname="MusicLandscape.tests.WriterComparatorTest"/>
  <testcase name="compare" time="0.001" classname="MusicLandscape.tests.WriterComparatorTest"/>
  <testcase name="compare" time="0.001" classname="MusicLandscape.tests.WriterComparatorTest"/>
  <testcase name="compare" time="0.001" classname="MusicLandscape.tests.WriterComparatorTest"/>
  <testcase name="testtoString" time="0.0" classname="MusicLandscape.tests.WriterComparatorTest"/>
  <testcase name="size" time="0.0" classname="MusicLandscape.tests.MyTrackContainerTest"/>
</testsuite> <!-- Default test -->
